<?xml version="1.0" ?>
<!DOCTYPE coverage
  SYSTEM 'http://cobertura.sourceforge.net/xml/coverage-03.dtd'>
<coverage branch-rate="0" line-rate="1" timestamp="1444380802565" version="3.7.1">
	<!-- Generated by coverage.py: http://nedbatchelder.com/code/coverage -->
	<packages>
		<package branch-rate="0" complexity="0" line-rate="0" name="">
			<classes>
				<class branch-rate="0" complexity="0" filename="kiwi/__init__.py" line-rate="0" name="kiwi">
					<methods/>
					<lines/>
				</class>
			</classes>
		</package>
		<package branch-rate="0" complexity="0" line-rate="1" name="kiwi">
			<classes>
				<class branch-rate="0" complexity="0" filename="kiwi/archive_tar.py" line-rate="1" name="kiwi.archive_tar">
					<methods/>
					<lines>
						<line hits="1" number="19"/>
						<line hits="1" number="22"/>
						<line hits="1" number="26"/>
						<line hits="1" number="27"/>
						<line hits="1" number="29"/>
						<line hits="1" number="30"/>
					</lines>
				</class>
				<class branch-rate="0" complexity="0" filename="kiwi/cli.py" line-rate="1" name="kiwi.cli">
					<methods/>
					<lines>
						<line hits="1" number="18"/>
						<line hits="1" number="41"/>
						<line hits="1" number="42"/>
						<line hits="1" number="43"/>
						<line hits="1" number="46"/>
						<line hits="1" number="52"/>
						<line hits="1" number="53"/>
						<line hits="1" number="56"/>
						<line hits="1" number="60"/>
						<line hits="1" number="61"/>
						<line hits="1" number="66"/>
						<line hits="1" number="67"/>
						<line hits="1" number="69"/>
						<line hits="1" number="70"/>
						<line hits="1" number="71"/>
						<line hits="1" number="72"/>
						<line hits="1" number="73"/>
						<line hits="1" number="75"/>
						<line hits="1" number="76"/>
						<line hits="1" number="77"/>
						<line hits="1" number="79"/>
						<line hits="1" number="83"/>
						<line hits="1" number="84"/>
						<line hits="1" number="86"/>
						<line hits="1" number="87"/>
						<line hits="1" number="89"/>
						<line hits="1" number="90"/>
						<line hits="1" number="91"/>
						<line hits="1" number="92"/>
						<line hits="1" number="93"/>
						<line hits="1" number="94"/>
						<line hits="1" number="96"/>
						<line hits="1" number="97"/>
						<line hits="1" number="98"/>
						<line hits="1" number="99"/>
						<line hits="1" number="100"/>
						<line hits="1" number="103"/>
						<line hits="1" number="104"/>
						<line hits="1" number="107"/>
						<line hits="1" number="108"/>
						<line hits="1" number="112"/>
						<line hits="1" number="114"/>
						<line hits="1" number="115"/>
						<line hits="1" number="116"/>
						<line hits="1" number="117"/>
						<line hits="1" number="118"/>
						<line hits="1" number="119"/>
					</lines>
				</class>
				<class branch-rate="0" complexity="0" filename="kiwi/cli_task.py" line-rate="1" name="kiwi.cli_task">
					<methods/>
					<lines>
						<line hits="1" number="18"/>
						<line hits="1" number="19"/>
						<line hits="1" number="22"/>
						<line hits="1" number="23"/>
						<line hits="1" number="24"/>
						<line hits="1" number="27"/>
						<line hits="1" number="32"/>
						<line hits="1" number="33"/>
						<line hits="1" number="35"/>
						<line hits="1" number="38"/>
						<line hits="1" number="41"/>
						<line hits="1" number="44"/>
						<line hits="1" number="47"/>
						<line hits="1" number="49"/>
						<line hits="1" number="51"/>
						<line hits="1" number="52"/>
						<line hits="1" number="54"/>
						<line hits="1" number="57"/>
						<line hits="1" number="58"/>
						<line hits="1" number="62"/>
						<line hits="1" number="63"/>
						<line hits="1" number="65"/>
						<line hits="1" number="66"/>
						<line hits="1" number="69"/>
						<line hits="1" number="70"/>
						<line hits="1" number="73"/>
						<line hits="1" number="74"/>
						<line hits="1" number="76"/>
						<line hits="1" number="77"/>
						<line hits="1" number="78"/>
						<line hits="1" number="79"/>
						<line hits="1" number="80"/>
						<line hits="1" number="82"/>
						<line hits="1" number="83"/>
						<line hits="1" number="84"/>
					</lines>
				</class>
				<class branch-rate="0" complexity="0" filename="kiwi/command.py" line-rate="1" name="kiwi.command">
					<methods/>
					<lines>
						<line hits="1" number="18"/>
						<line hits="1" number="19"/>
						<line hits="1" number="20"/>
						<line hits="1" number="21"/>
						<line hits="1" number="24"/>
						<line hits="1" number="27"/>
						<line hits="1" number="31"/>
						<line hits="1" number="32"/>
						<line hits="1" number="38"/>
						<line hits="1" number="39"/>
						<line hits="1" number="40"/>
						<line hits="1" number="46"/>
						<line hits="1" number="47"/>
						<line hits="1" number="48"/>
						<line hits="1" number="49"/>
						<line hits="1" number="50"/>
						<line hits="1" number="53"/>
						<line hits="1" number="59"/>
						<line hits="1" number="60"/>
						<line hits="1" number="77"/>
						<line hits="1" number="78"/>
						<line hits="1" number="79"/>
						<line hits="1" number="85"/>
						<line hits="1" number="88"/>
						<line hits="1" number="91"/>
						<line hits="1" number="94"/>
					</lines>
				</class>
				<class branch-rate="0" complexity="0" filename="kiwi/command_process.py" line-rate="1" name="kiwi.command_process">
					<methods/>
					<lines>
						<line hits="1" number="19"/>
						<line hits="1" number="20"/>
						<line hits="1" number="22"/>
						<line hits="1" number="27"/>
						<line hits="1" number="32"/>
						<line hits="1" number="33"/>
						<line hits="1" number="34"/>
						<line hits="1" number="35"/>
						<line hits="1" number="37"/>
						<line hits="1" number="38"/>
						<line hits="1" number="39"/>
						<line hits="1" number="40"/>
						<line hits="1" number="41"/>
						<line hits="1" number="42"/>
						<line hits="1" number="43"/>
						<line hits="1" number="46"/>
						<line hits="1" number="47"/>
						<line hits="1" number="48"/>
						<line hits="1" number="50"/>
						<line hits="1" number="51"/>
						<line hits="1" number="52"/>
						<line hits="1" number="53"/>
						<line hits="1" number="54"/>
						<line hits="1" number="55"/>
						<line hits="1" number="56"/>
						<line hits="1" number="58"/>
						<line hits="1" number="59"/>
						<line hits="1" number="60"/>
						<line hits="1" number="61"/>
						<line hits="1" number="62"/>
						<line hits="1" number="63"/>
						<line hits="1" number="64"/>
						<line hits="1" number="65"/>
						<line hits="1" number="68"/>
						<line hits="1" number="69"/>
						<line hits="1" number="74"/>
						<line hits="1" number="79"/>
						<line hits="1" number="80"/>
						<line hits="1" number="81"/>
						<line hits="1" number="83"/>
						<line hits="1" number="84"/>
						<line hits="1" number="88"/>
						<line hits="1" number="89"/>
						<line hits="1" number="92"/>
						<line hits="1" number="94"/>
						<line hits="1" number="97"/>
						<line hits="1" number="98"/>
						<line hits="1" number="99"/>
						<line hits="1" number="100"/>
						<line hits="1" number="101"/>
						<line hits="1" number="102"/>
					</lines>
				</class>
				<class branch-rate="0" complexity="0" filename="kiwi/exceptions.py" line-rate="1" name="kiwi.exceptions">
					<methods/>
					<lines>
						<line hits="1" number="20"/>
						<line hits="1" number="25"/>
						<line hits="1" number="26"/>
						<line hits="1" number="28"/>
						<line hits="1" number="29"/>
						<line hits="1" number="32"/>
						<line hits="1" number="33"/>
						<line hits="1" number="36"/>
						<line hits="1" number="37"/>
						<line hits="1" number="40"/>
						<line hits="1" number="41"/>
						<line hits="1" number="44"/>
						<line hits="1" number="45"/>
						<line hits="1" number="48"/>
						<line hits="1" number="49"/>
						<line hits="1" number="52"/>
						<line hits="1" number="53"/>
						<line hits="1" number="56"/>
						<line hits="1" number="57"/>
						<line hits="1" number="60"/>
						<line hits="1" number="61"/>
						<line hits="1" number="64"/>
						<line hits="1" number="65"/>
						<line hits="1" number="68"/>
						<line hits="1" number="69"/>
						<line hits="1" number="72"/>
						<line hits="1" number="73"/>
						<line hits="1" number="76"/>
						<line hits="1" number="77"/>
						<line hits="1" number="80"/>
						<line hits="1" number="81"/>
						<line hits="1" number="84"/>
						<line hits="1" number="85"/>
						<line hits="1" number="88"/>
						<line hits="1" number="89"/>
						<line hits="1" number="92"/>
						<line hits="1" number="93"/>
						<line hits="1" number="96"/>
						<line hits="1" number="97"/>
						<line hits="1" number="100"/>
						<line hits="1" number="101"/>
						<line hits="1" number="104"/>
						<line hits="1" number="105"/>
						<line hits="1" number="108"/>
						<line hits="1" number="109"/>
						<line hits="1" number="112"/>
						<line hits="1" number="113"/>
						<line hits="1" number="116"/>
						<line hits="1" number="117"/>
						<line hits="1" number="120"/>
						<line hits="1" number="121"/>
						<line hits="1" number="124"/>
						<line hits="1" number="125"/>
						<line hits="1" number="128"/>
						<line hits="1" number="129"/>
						<line hits="1" number="132"/>
						<line hits="1" number="133"/>
					</lines>
				</class>
				<class branch-rate="0" complexity="0" filename="kiwi/help.py" line-rate="1" name="kiwi.help">
					<methods/>
					<lines>
						<line hits="1" number="18"/>
						<line hits="1" number="20"/>
						<line hits="1" number="23"/>
						<line hits="1" number="27"/>
						<line hits="1" number="28"/>
						<line hits="1" number="29"/>
						<line hits="1" number="30"/>
					</lines>
				</class>
				<class branch-rate="0" complexity="0" filename="kiwi/logger.py" line-rate="1" name="kiwi.logger">
					<methods/>
					<lines>
						<line hits="1" number="18"/>
						<line hits="1" number="19"/>
						<line hits="1" number="22"/>
						<line hits="1" number="27"/>
						<line hits="1" number="28"/>
						<line hits="1" number="29"/>
						<line hits="1" number="30"/>
						<line hits="1" number="44"/>
						<line hits="1" number="51"/>
						<line hits="1" number="52"/>
						<line hits="1" number="65"/>
						<line hits="1" number="66"/>
						<line hits="1" number="76"/>
						<line hits="1" number="79"/>
						<line hits="1" number="80"/>
						<line hits="1" number="82"/>
						<line hits="1" number="84"/>
						<line hits="1" number="85"/>
						<line hits="1" number="86"/>
						<line hits="1" number="87"/>
						<line hits="1" number="88"/>
						<line hits="1" number="91"/>
						<line hits="1" number="92"/>
						<line hits="1" number="95"/>
						<line hits="1" number="99"/>
						<line hits="1" number="102"/>
						<line hits="1" number="103"/>
						<line hits="1" number="106"/>
						<line hits="1" number="107"/>
						<line hits="1" number="110"/>
						<line hits="1" number="111"/>
						<line hits="1" number="114"/>
						<line hits="1" number="115"/>
						<line hits="1" number="118"/>
						<line hits="1" number="119"/>
						<line hits="1" number="122"/>
						<line hits="1" number="123"/>
						<line hits="1" number="125"/>
						<line hits="1" number="126"/>
						<line hits="1" number="129"/>
						<line hits="1" number="130"/>
						<line hits="1" number="133"/>
						<line hits="1" number="137"/>
						<line hits="1" number="138"/>
						<line hits="1" number="139"/>
						<line hits="1" number="141"/>
						<line hits="1" number="146"/>
						<line hits="1" number="151"/>
						<line hits="1" number="156"/>
						<line hits="1" number="161"/>
						<line hits="1" number="163"/>
						<line hits="1" number="164"/>
						<line hits="1" number="166"/>
						<line hits="1" number="170"/>
						<line hits="1" number="171"/>
						<line hits="1" number="172"/>
						<line hits="1" number="174"/>
						<line hits="1" number="175"/>
						<line hits="1" number="176"/>
						<line hits="1" number="177"/>
						<line hits="1" number="180"/>
						<line hits="1" number="181"/>
						<line hits="1" number="182"/>
						<line hits="1" number="183"/>
						<line hits="1" number="187"/>
						<line hits="1" number="194"/>
						<line hits="1" number="195"/>
						<line hits="1" number="196"/>
						<line hits="1" number="200"/>
						<line hits="1" number="201"/>
						<line hits="1" number="202"/>
						<line hits="1" number="203"/>
						<line hits="1" number="206"/>
						<line hits="1" number="208"/>
						<line hits="1" number="211"/>
						<line hits="1" number="212"/>
						<line hits="1" number="215"/>
						<line hits="1" number="216"/>
						<line hits="1" number="217"/>
						<line hits="1" number="218"/>
						<line hits="1" number="221"/>
						<line hits="1" number="223"/>
						<line hits="1" number="224"/>
						<line hits="1" number="230"/>
					</lines>
				</class>
				<class branch-rate="0" complexity="0" filename="kiwi/package_manager.py" line-rate="1" name="kiwi.package_manager">
					<methods/>
					<lines>
						<line hits="1" number="19"/>
						<line hits="1" number="22"/>
						<line hits="1" number="26"/>
						<line hits="1" number="27"/>
						<line hits="1" number="28"/>
						<line hits="1" number="30"/>
						<line hits="1" number="31"/>
						<line hits="1" number="33"/>
						<line hits="1" number="38"/>
						<line hits="1" number="41"/>
					</lines>
				</class>
				<class branch-rate="0" complexity="0" filename="kiwi/package_manager_base.py" line-rate="1" name="kiwi.package_manager_base">
					<methods/>
					<lines>
						<line hits="1" number="20"/>
						<line hits="1" number="24"/>
						<line hits="1" number="25"/>
						<line hits="1" number="26"/>
						<line hits="1" number="27"/>
						<line hits="1" number="28"/>
						<line hits="1" number="29"/>
						<line hits="1" number="30"/>
						<line hits="1" number="32"/>
						<line hits="1" number="34"/>
						<line hits="1" number="35"/>
						<line hits="1" number="37"/>
						<line hits="1" number="38"/>
						<line hits="1" number="40"/>
						<line hits="1" number="41"/>
						<line hits="1" number="43"/>
						<line hits="1" number="44"/>
						<line hits="1" number="46"/>
						<line hits="1" number="47"/>
						<line hits="1" number="49"/>
						<line hits="1" number="50"/>
						<line hits="1" number="52"/>
						<line hits="1" number="53"/>
						<line hits="1" number="55"/>
						<line hits="1" number="56"/>
						<line hits="1" number="58"/>
						<line hits="1" number="59"/>
						<line hits="1" number="61"/>
						<line hits="1" number="62"/>
						<line hits="1" number="64"/>
						<line hits="1" number="65"/>
						<line hits="1" number="67"/>
						<line hits="1" number="68"/>
						<line hits="1" number="69"/>
						<line hits="1" number="70"/>
					</lines>
				</class>
				<class branch-rate="0" complexity="0" filename="kiwi/package_manager_zypper.py" line-rate="1" name="kiwi.package_manager_zypper">
					<methods/>
					<lines>
						<line hits="1" number="18"/>
						<line hits="1" number="21"/>
						<line hits="1" number="22"/>
						<line hits="1" number="25"/>
						<line hits="1" number="29"/>
						<line hits="1" number="30"/>
						<line hits="1" number="31"/>
						<line hits="1" number="33"/>
						<line hits="1" number="34"/>
						<line hits="1" number="36"/>
						<line hits="1" number="37"/>
						<line hits="1" number="39"/>
						<line hits="1" number="40"/>
						<line hits="1" number="42"/>
						<line hits="1" number="43"/>
						<line hits="1" number="45"/>
						<line hits="1" number="46"/>
						<line hits="1" number="54"/>
						<line hits="1" number="55"/>
						<line hits="1" number="58"/>
						<line hits="1" number="65"/>
						<line hits="1" number="66"/>
						<line hits="1" number="69"/>
						<line hits="1" number="76"/>
						<line hits="1" number="77"/>
						<line hits="1" number="80"/>
						<line hits="1" number="87"/>
						<line hits="1" number="88"/>
						<line hits="1" number="90"/>
						<line hits="1" number="95"/>
						<line hits="1" number="99"/>
						<line hits="1" number="100"/>
						<line hits="1" number="104"/>
						<line hits="1" number="105"/>
						<line hits="1" number="107"/>
						<line hits="1" number="108"/>
						<line hits="1" number="110"/>
						<line hits="1" number="112"/>
						<line hits="1" number="113"/>
						<line hits="1" number="114"/>
						<line hits="1" number="115"/>
					</lines>
				</class>
				<class branch-rate="0" complexity="0" filename="kiwi/repository.py" line-rate="1" name="kiwi.repository">
					<methods/>
					<lines>
						<line hits="1" number="19"/>
						<line hits="1" number="22"/>
						<line hits="1" number="26"/>
						<line hits="1" number="27"/>
						<line hits="1" number="28"/>
						<line hits="1" number="29"/>
						<line hits="1" number="31"/>
					</lines>
				</class>
				<class branch-rate="0" complexity="0" filename="kiwi/repository_base.py" line-rate="1" name="kiwi.repository_base">
					<methods/>
					<lines>
						<line hits="1" number="20"/>
						<line hits="1" number="24"/>
						<line hits="1" number="25"/>
						<line hits="1" number="26"/>
						<line hits="1" number="27"/>
						<line hits="1" number="29"/>
						<line hits="1" number="31"/>
						<line hits="1" number="32"/>
						<line hits="1" number="34"/>
						<line hits="1" number="35"/>
						<line hits="1" number="37"/>
						<line hits="1" number="38"/>
						<line hits="1" number="40"/>
						<line hits="1" number="41"/>
						<line hits="1" number="43"/>
						<line hits="1" number="44"/>
						<line hits="1" number="46"/>
						<line hits="1" number="47"/>
						<line hits="1" number="49"/>
						<line hits="1" number="50"/>
					</lines>
				</class>
				<class branch-rate="0" complexity="0" filename="kiwi/repository_zypper.py" line-rate="1" name="kiwi.repository_zypper">
					<methods/>
					<lines>
						<line hits="1" number="18"/>
						<line hits="1" number="19"/>
						<line hits="1" number="20"/>
						<line hits="1" number="23"/>
						<line hits="1" number="24"/>
						<line hits="1" number="25"/>
						<line hits="1" number="27"/>
						<line hits="1" number="32"/>
						<line hits="1" number="36"/>
						<line hits="1" number="37"/>
						<line hits="1" number="39"/>
						<line hits="1" number="40"/>
						<line hits="1" number="48"/>
						<line hits="1" number="51"/>
						<line hits="1" number="55"/>
						<line hits="1" number="65"/>
						<line hits="1" number="68"/>
						<line hits="1" number="69"/>
						<line hits="1" number="72"/>
						<line hits="1" number="73"/>
						<line hits="1" number="74"/>
						<line hits="1" number="77"/>
						<line hits="1" number="80"/>
						<line hits="1" number="83"/>
						<line hits="1" number="87"/>
						<line hits="1" number="89"/>
						<line hits="1" number="90"/>
						<line hits="1" number="95"/>
						<line hits="1" number="96"/>
						<line hits="1" number="107"/>
						<line hits="1" number="108"/>
						<line hits="1" number="116"/>
						<line hits="1" number="117"/>
						<line hits="1" number="124"/>
						<line hits="1" number="125"/>
						<line hits="1" number="128"/>
						<line hits="1" number="138"/>
						<line hits="1" number="139"/>
						<line hits="1" number="146"/>
						<line hits="1" number="147"/>
						<line hits="1" number="150"/>
						<line hits="1" number="157"/>
						<line hits="1" number="158"/>
						<line hits="1" number="159"/>
						<line hits="1" number="161"/>
						<line hits="1" number="162"/>
						<line hits="1" number="163"/>
						<line hits="1" number="164"/>
						<line hits="1" number="170"/>
						<line hits="1" number="171"/>
						<line hits="1" number="172"/>
						<line hits="1" number="173"/>
						<line hits="1" number="174"/>
						<line hits="1" number="176"/>
						<line hits="1" number="181"/>
						<line hits="1" number="186"/>
						<line hits="1" number="187"/>
						<line hits="1" number="188"/>
						<line hits="1" number="189"/>
					</lines>
				</class>
				<class branch-rate="0" complexity="0" filename="kiwi/root_bind.py" line-rate="1" name="kiwi.root_bind">
					<methods/>
					<lines>
						<line hits="1" number="18"/>
						<line hits="1" number="21"/>
						<line hits="1" number="22"/>
						<line hits="1" number="24"/>
						<line hits="1" number="31"/>
						<line hits="1" number="36"/>
						<line hits="1" number="37"/>
						<line hits="1" number="38"/>
						<line hits="1" number="39"/>
						<line hits="1" number="40"/>
						<line hits="1" number="43"/>
						<line hits="1" number="49"/>
						<line hits="1" number="56"/>
						<line hits="1" number="58"/>
						<line hits="1" number="59"/>
						<line hits="1" number="60"/>
						<line hits="1" number="61"/>
						<line hits="1" number="67"/>
						<line hits="1" number="68"/>
						<line hits="1" number="69"/>
						<line hits="1" number="70"/>
						<line hits="1" number="74"/>
						<line hits="1" number="75"/>
						<line hits="1" number="76"/>
						<line hits="1" number="77"/>
						<line hits="1" number="78"/>
						<line hits="1" number="79"/>
						<line hits="1" number="84"/>
						<line hits="1" number="85"/>
						<line hits="1" number="86"/>
						<line hits="1" number="87"/>
						<line hits="1" number="88"/>
						<line hits="1" number="92"/>
						<line hits="1" number="93"/>
						<line hits="1" number="94"/>
						<line hits="1" number="95"/>
						<line hits="1" number="96"/>
						<line hits="1" number="99"/>
						<line hits="1" number="100"/>
						<line hits="1" number="103"/>
						<line hits="1" number="104"/>
						<line hits="1" number="105"/>
						<line hits="1" number="109"/>
						<line hits="1" number="110"/>
						<line hits="1" number="111"/>
						<line hits="1" number="112"/>
						<line hits="1" number="113"/>
						<line hits="1" number="115"/>
						<line hits="1" number="116"/>
						<line hits="1" number="117"/>
						<line hits="1" number="118"/>
						<line hits="1" number="120"/>
						<line hits="1" number="122"/>
						<line hits="1" number="124"/>
						<line hits="1" number="125"/>
						<line hits="1" number="127"/>
						<line hits="1" number="132"/>
						<line hits="1" number="133"/>
						<line hits="1" number="134"/>
						<line hits="1" number="136"/>
						<line hits="1" number="137"/>
						<line hits="1" number="138"/>
						<line hits="1" number="139"/>
						<line hits="1" number="143"/>
						<line hits="1" number="144"/>
						<line hits="1" number="145"/>
						<line hits="1" number="146"/>
						<line hits="1" number="147"/>
						<line hits="1" number="152"/>
						<line hits="1" number="154"/>
						<line hits="1" number="155"/>
						<line hits="1" number="156"/>
						<line hits="1" number="157"/>
						<line hits="1" number="163"/>
						<line hits="1" number="164"/>
						<line hits="1" number="167"/>
						<line hits="1" number="169"/>
						<line hits="1" number="170"/>
						<line hits="1" number="171"/>
						<line hits="1" number="172"/>
						<line hits="1" number="173"/>
						<line hits="1" number="174"/>
						<line hits="1" number="175"/>
						<line hits="1" number="176"/>
						<line hits="1" number="177"/>
						<line hits="1" number="178"/>
					</lines>
				</class>
				<class branch-rate="0" complexity="0" filename="kiwi/root_init.py" line-rate="1" name="kiwi.root_init">
					<methods/>
					<lines>
						<line hits="1" number="18"/>
						<line hits="1" number="19"/>
						<line hits="1" number="20"/>
						<line hits="1" number="23"/>
						<line hits="1" number="25"/>
						<line hits="1" number="31"/>
						<line hits="1" number="37"/>
						<line hits="1" number="38"/>
						<line hits="1" number="39"/>
						<line hits="1" number="42"/>
						<line hits="1" number="44"/>
						<line hits="1" number="45"/>
						<line hits="1" number="47"/>
						<line hits="1" number="48"/>
						<line hits="1" number="49"/>
						<line hits="1" number="50"/>
						<line hits="1" number="51"/>
						<line hits="1" number="59"/>
						<line hits="1" number="60"/>
						<line hits="1" number="62"/>
						<line hits="1" number="65"/>
						<line hits="1" number="68"/>
						<line hits="1" number="71"/>
						<line hits="1" number="74"/>
						<line hits="1" number="77"/>
						<line hits="1" number="80"/>
						<line hits="1" number="83"/>
						<line hits="1" number="86"/>
						<line hits="1" number="89"/>
						<line hits="1" number="92"/>
						<line hits="1" number="95"/>
						<line hits="1" number="99"/>
						<line hits="1" number="100"/>
						<line hits="1" number="101"/>
						<line hits="1" number="102"/>
						<line hits="1" number="103"/>
						<line hits="1" number="105"/>
						<line hits="1" number="107"/>
						<line hits="1" number="108"/>
						<line hits="1" number="109"/>
						<line hits="1" number="110"/>
						<line hits="1" number="114"/>
						<line hits="1" number="115"/>
						<line hits="1" number="116"/>
						<line hits="1" number="117"/>
						<line hits="1" number="118"/>
						<line hits="1" number="119"/>
						<line hits="1" number="120"/>
						<line hits="1" number="121"/>
						<line hits="1" number="122"/>
						<line hits="1" number="123"/>
					</lines>
				</class>
				<class branch-rate="0" complexity="0" filename="kiwi/system.py" line-rate="1" name="kiwi.system">
					<methods/>
					<lines>
						<line hits="1" number="18"/>
						<line hits="1" number="19"/>
						<line hits="1" number="20"/>
						<line hits="1" number="23"/>
						<line hits="1" number="24"/>
						<line hits="1" number="25"/>
						<line hits="1" number="26"/>
						<line hits="1" number="27"/>
						<line hits="1" number="28"/>
						<line hits="1" number="29"/>
						<line hits="1" number="30"/>
						<line hits="1" number="31"/>
						<line hits="1" number="33"/>
						<line hits="1" number="35"/>
						<line hits="1" number="45"/>
						<line hits="1" number="49"/>
						<line hits="1" number="53"/>
						<line hits="1" number="54"/>
						<line hits="1" number="57"/>
						<line hits="1" number="58"/>
						<line hits="1" number="61"/>
						<line hits="1" number="62"/>
						<line hits="1" number="65"/>
						<line hits="1" number="66"/>
						<line hits="1" number="67"/>
						<line hits="1" number="68"/>
						<line hits="1" number="74"/>
						<line hits="1" number="76"/>
						<line hits="1" number="81"/>
						<line hits="1" number="84"/>
						<line hits="1" number="87"/>
						<line hits="1" number="90"/>
						<line hits="1" number="91"/>
						<line hits="1" number="92"/>
						<line hits="1" number="93"/>
						<line hits="1" number="94"/>
						<line hits="1" number="95"/>
						<line hits="1" number="96"/>
						<line hits="1" number="97"/>
						<line hits="1" number="98"/>
						<line hits="1" number="99"/>
						<line hits="1" number="100"/>
						<line hits="1" number="102"/>
						<line hits="1" number="103"/>
						<line hits="1" number="104"/>
						<line hits="1" number="105"/>
						<line hits="1" number="106"/>
						<line hits="1" number="107"/>
						<line hits="1" number="108"/>
						<line hits="1" number="109"/>
						<line hits="1" number="111"/>
						<line hits="1" number="114"/>
						<line hits="1" number="115"/>
						<line hits="1" number="119"/>
						<line hits="1" number="124"/>
						<line hits="1" number="125"/>
						<line hits="1" number="128"/>
						<line hits="1" number="131"/>
						<line hits="1" number="134"/>
						<line hits="1" number="135"/>
						<line hits="1" number="138"/>
						<line hits="1" number="141"/>
						<line hits="1" number="145"/>
						<line hits="1" number="146"/>
						<line hits="1" number="147"/>
						<line hits="1" number="153"/>
						<line hits="1" number="157"/>
						<line hits="1" number="158"/>
						<line hits="1" number="164"/>
						<line hits="1" number="165"/>
						<line hits="1" number="169"/>
						<line hits="1" number="170"/>
						<line hits="1" number="171"/>
						<line hits="1" number="172"/>
						<line hits="1" number="173"/>
						<line hits="1" number="177"/>
						<line hits="1" number="184"/>
						<line hits="1" number="185"/>
						<line hits="1" number="186"/>
						<line hits="1" number="187"/>
						<line hits="1" number="190"/>
						<line hits="1" number="191"/>
						<line hits="1" number="194"/>
						<line hits="1" number="197"/>
						<line hits="1" number="200"/>
						<line hits="1" number="204"/>
						<line hits="1" number="205"/>
						<line hits="1" number="206"/>
						<line hits="1" number="212"/>
						<line hits="1" number="215"/>
						<line hits="1" number="216"/>
						<line hits="1" number="222"/>
						<line hits="1" number="223"/>
						<line hits="1" number="227"/>
						<line hits="1" number="228"/>
						<line hits="1" number="229"/>
						<line hits="1" number="230"/>
						<line hits="1" number="231"/>
						<line hits="1" number="235"/>
						<line hits="1" number="239"/>
						<line hits="1" number="242"/>
						<line hits="1" number="243"/>
						<line hits="1" number="244"/>
						<line hits="1" number="245"/>
						<line hits="1" number="246"/>
						<line hits="1" number="247"/>
						<line hits="1" number="251"/>
						<line hits="1" number="256"/>
						<line hits="1" number="257"/>
						<line hits="1" number="260"/>
						<line hits="1" number="263"/>
						<line hits="1" number="264"/>
						<line hits="1" number="270"/>
						<line hits="1" number="271"/>
						<line hits="1" number="275"/>
						<line hits="1" number="280"/>
						<line hits="1" number="281"/>
						<line hits="1" number="284"/>
						<line hits="1" number="287"/>
						<line hits="1" number="288"/>
						<line hits="1" number="294"/>
						<line hits="1" number="295"/>
						<line hits="1" number="299"/>
						<line hits="1" number="305"/>
						<line hits="1" number="306"/>
						<line hits="1" number="309"/>
						<line hits="1" number="310"/>
						<line hits="1" number="311"/>
						<line hits="1" number="312"/>
						<line hits="1" number="316"/>
						<line hits="1" number="317"/>
						<line hits="1" number="318"/>
						<line hits="1" number="319"/>
						<line hits="1" number="320"/>
						<line hits="1" number="321"/>
						<line hits="1" number="323"/>
						<line hits="1" number="324"/>
						<line hits="1" number="325"/>
						<line hits="1" number="326"/>
						<line hits="1" number="327"/>
						<line hits="1" number="328"/>
						<line hits="1" number="329"/>
						<line hits="1" number="330"/>
						<line hits="1" number="331"/>
						<line hits="1" number="332"/>
						<line hits="1" number="333"/>
						<line hits="1" number="334"/>
						<line hits="1" number="335"/>
						<line hits="1" number="336"/>
						<line hits="1" number="341"/>
						<line hits="1" number="342"/>
						<line hits="1" number="343"/>
						<line hits="1" number="344"/>
						<line hits="1" number="345"/>
						<line hits="1" number="346"/>
					</lines>
				</class>
				<class branch-rate="0" complexity="0" filename="kiwi/system_prepare_task.py" line-rate="1" name="kiwi.system_prepare_task">
					<methods/>
					<lines>
						<line hits="1" number="18"/>
						<line hits="1" number="53"/>
						<line hits="1" number="55"/>
						<line hits="1" number="56"/>
						<line hits="1" number="57"/>
						<line hits="1" number="58"/>
						<line hits="1" number="59"/>
						<line hits="1" number="60"/>
						<line hits="1" number="62"/>
						<line hits="1" number="65"/>
						<line hits="1" number="69"/>
						<line hits="1" number="70"/>
						<line hits="1" number="71"/>
						<line hits="1" number="72"/>
						<line hits="1" number="74"/>
						<line hits="1" number="78"/>
						<line hits="1" number="79"/>
						<line hits="1" number="81"/>
						<line hits="1" number="87"/>
						<line hits="1" number="88"/>
						<line hits="1" number="89"/>
						<line hits="1" number="91"/>
						<line hits="1" number="96"/>
						<line hits="1" number="97"/>
						<line hits="1" number="98"/>
						<line hits="1" number="104"/>
						<line hits="1" number="105"/>
						<line hits="1" number="106"/>
						<line hits="1" number="110"/>
						<line hits="1" number="115"/>
						<line hits="1" number="116"/>
						<line hits="1" number="117"/>
						<line hits="1" number="119"/>
						<line hits="1" number="123"/>
						<line hits="1" number="124"/>
						<line hits="1" number="125"/>
						<line hits="1" number="127"/>
						<line hits="1" number="128"/>
					</lines>
				</class>
				<class branch-rate="0" complexity="0" filename="kiwi/system_setup.py" line-rate="1" name="kiwi.system_setup">
					<methods/>
					<lines>
						<line hits="1" number="18"/>
						<line hits="1" number="21"/>
						<line hits="1" number="22"/>
						<line hits="1" number="23"/>
						<line hits="1" number="25"/>
						<line hits="1" number="30"/>
						<line hits="1" number="37"/>
						<line hits="1" number="38"/>
						<line hits="1" number="39"/>
						<line hits="1" number="40"/>
						<line hits="1" number="42"/>
						<line hits="1" number="46"/>
						<line hits="1" number="47"/>
						<line hits="1" number="48"/>
						<line hits="1" number="49"/>
						<line hits="1" number="50"/>
						<line hits="1" number="51"/>
						<line hits="1" number="53"/>
						<line hits="1" number="54"/>
						<line hits="1" number="55"/>
						<line hits="1" number="56"/>
						<line hits="1" number="58"/>
						<line hits="1" number="59"/>
						<line hits="1" number="62"/>
						<line hits="1" number="63"/>
						<line hits="1" number="65"/>
						<line hits="1" number="66"/>
						<line hits="1" number="69"/>
						<line hits="1" number="70"/>
						<line hits="1" number="72"/>
						<line hits="1" number="73"/>
						<line hits="1" number="74"/>
						<line hits="1" number="75"/>
						<line hits="1" number="79"/>
						<line hits="1" number="83"/>
						<line hits="1" number="88"/>
						<line hits="1" number="90"/>
						<line hits="1" number="92"/>
						<line hits="1" number="94"/>
						<line hits="1" number="97"/>
						<line hits="1" number="98"/>
						<line hits="1" number="99"/>
						<line hits="1" number="100"/>
						<line hits="1" number="103"/>
						<line hits="1" number="104"/>
						<line hits="1" number="106"/>
						<line hits="1" number="107"/>
						<line hits="1" number="108"/>
						<line hits="1" number="109"/>
						<line hits="1" number="110"/>
						<line hits="1" number="116"/>
						<line hits="1" number="118"/>
						<line hits="1" number="120"/>
						<line hits="1" number="122"/>
						<line hits="1" number="124"/>
						<line hits="1" number="126"/>
						<line hits="1" number="128"/>
						<line hits="1" number="130"/>
						<line hits="1" number="132"/>
						<line hits="1" number="134"/>
						<line hits="1" number="136"/>
						<line hits="1" number="138"/>
						<line hits="1" number="140"/>
						<line hits="1" number="142"/>
						<line hits="1" number="144"/>
						<line hits="1" number="146"/>
						<line hits="1" number="148"/>
						<line hits="1" number="149"/>
						<line hits="1" number="151"/>
						<line hits="1" number="152"/>
						<line hits="1" number="154"/>
						<line hits="1" number="155"/>
						<line hits="1" number="156"/>
						<line hits="1" number="159"/>
						<line hits="1" number="162"/>
						<line hits="1" number="163"/>
						<line hits="1" number="164"/>
						<line hits="1" number="167"/>
						<line hits="1" number="169"/>
						<line hits="1" number="170"/>
					</lines>
				</class>
				<class branch-rate="0" complexity="0" filename="kiwi/system_update_task.py" line-rate="1" name="kiwi.system_update_task">
					<methods/>
					<lines>
						<line hits="1" number="18"/>
						<line hits="1" number="42"/>
						<line hits="1" number="44"/>
						<line hits="1" number="45"/>
						<line hits="1" number="46"/>
						<line hits="1" number="47"/>
						<line hits="1" number="49"/>
						<line hits="1" number="52"/>
						<line hits="1" number="56"/>
						<line hits="1" number="57"/>
						<line hits="1" number="58"/>
						<line hits="1" number="59"/>
						<line hits="1" number="61"/>
						<line hits="1" number="65"/>
						<line hits="1" number="66"/>
						<line hits="1" number="67"/>
						<line hits="1" number="68"/>
						<line hits="1" number="69"/>
						<line hits="1" number="71"/>
						<line hits="1" number="72"/>
						<line hits="1" number="73"/>
						<line hits="1" number="79"/>
						<line hits="1" number="80"/>
						<line hits="1" number="81"/>
						<line hits="1" number="83"/>
						<line hits="1" number="84"/>
						<line hits="1" number="87"/>
						<line hits="1" number="88"/>
						<line hits="1" number="92"/>
						<line hits="1" number="93"/>
						<line hits="1" number="94"/>
						<line hits="1" number="96"/>
						<line hits="1" number="97"/>
					</lines>
				</class>
				<class branch-rate="0" complexity="0" filename="kiwi/uri.py" line-rate="1" name="kiwi.uri">
					<methods/>
					<lines>
						<line hits="1" number="18"/>
						<line hits="1" number="19"/>
						<line hits="1" number="20"/>
						<line hits="1" number="23"/>
						<line hits="1" number="25"/>
						<line hits="1" number="31"/>
						<line hits="1" number="36"/>
						<line hits="1" number="37"/>
						<line hits="1" number="38"/>
						<line hits="1" number="39"/>
						<line hits="1" number="41"/>
						<line hits="1" number="47"/>
						<line hits="1" number="53"/>
						<line hits="1" number="54"/>
						<line hits="1" number="55"/>
						<line hits="1" number="56"/>
						<line hits="1" number="60"/>
						<line hits="1" number="61"/>
						<line hits="1" number="64"/>
						<line hits="1" number="65"/>
						<line hits="1" number="68"/>
						<line hits="1" number="69"/>
						<line hits="1" number="70"/>
						<line hits="1" number="71"/>
						<line hits="1" number="73"/>
						<line hits="1" number="77"/>
						<line hits="1" number="78"/>
						<line hits="1" number="80"/>
						<line hits="1" number="81"/>
						<line hits="1" number="82"/>
						<line hits="1" number="83"/>
						<line hits="1" number="86"/>
						<line hits="1" number="87"/>
						<line hits="1" number="88"/>
						<line hits="1" number="89"/>
						<line hits="1" number="90"/>
						<line hits="1" number="91"/>
						<line hits="1" number="92"/>
						<line hits="1" number="93"/>
						<line hits="1" number="94"/>
						<line hits="1" number="98"/>
						<line hits="1" number="99"/>
						<line hits="1" number="100"/>
						<line hits="1" number="101"/>
						<line hits="1" number="102"/>
						<line hits="1" number="104"/>
						<line hits="1" number="105"/>
						<line hits="1" number="107"/>
						<line hits="1" number="108"/>
						<line hits="1" number="109"/>
						<line hits="1" number="111"/>
						<line hits="1" number="112"/>
						<line hits="1" number="113"/>
						<line hits="1" number="115"/>
						<line hits="1" number="116"/>
						<line hits="1" number="117"/>
						<line hits="1" number="118"/>
						<line hits="1" number="119"/>
						<line hits="1" number="120"/>
						<line hits="1" number="121"/>
					</lines>
				</class>
				<class branch-rate="0" complexity="0" filename="kiwi/version.py" line-rate="1" name="kiwi.version">
					<methods/>
					<lines>
						<line hits="1" number="18"/>
						<line hits="1" number="21"/>
					</lines>
				</class>
				<class branch-rate="0" complexity="0" filename="kiwi/xml_description.py" line-rate="1" name="kiwi.xml_description">
					<methods/>
					<lines>
						<line hits="1" number="18"/>
						<line hits="1" number="19"/>
						<line hits="1" number="20"/>
						<line hits="1" number="23"/>
						<line hits="1" number="24"/>
						<line hits="1" number="26"/>
						<line hits="1" number="34"/>
						<line hits="1" number="41"/>
						<line hits="1" number="42"/>
						<line hits="1" number="44"/>
						<line hits="1" number="45"/>
						<line hits="1" number="46"/>
						<line hits="1" number="47"/>
						<line hits="1" number="48"/>
						<line hits="1" number="50"/>
						<line hits="1" number="51"/>
						<line hits="1" number="52"/>
						<line hits="1" number="53"/>
						<line hits="1" number="56"/>
						<line hits="1" number="57"/>
						<line hits="1" number="60"/>
						<line hits="1" number="61"/>
						<line hits="1" number="62"/>
						<line hits="1" number="65"/>
						<line hits="1" number="66"/>
						<line hits="1" number="69"/>
						<line hits="1" number="70"/>
						<line hits="1" number="73"/>
						<line hits="1" number="75"/>
						<line hits="1" number="76"/>
						<line hits="1" number="77"/>
						<line hits="1" number="80"/>
						<line hits="1" number="81"/>
						<line hits="1" number="82"/>
						<line hits="1" number="83"/>
						<line hits="1" number="87"/>
						<line hits="1" number="88"/>
					</lines>
				</class>
				<class branch-rate="0" complexity="0" filename="kiwi/xml_state.py" line-rate="1" name="kiwi.xml_state">
					<methods/>
					<lines>
						<line hits="1" number="18"/>
						<line hits="1" number="21"/>
						<line hits="1" number="22"/>
						<line hits="1" number="24"/>
						<line hits="1" number="29"/>
						<line hits="1" number="33"/>
						<line hits="1" number="35"/>
						<line hits="1" number="36"/>
						<line hits="1" number="37"/>
						<line hits="1" number="38"/>
						<line hits="1" number="39"/>
						<line hits="1" number="42"/>
						<line hits="1" number="45"/>
						<line hits="1" number="47"/>
						<line hits="1" number="48"/>
						<line hits="1" number="54"/>
						<line hits="1" number="55"/>
						<line hits="1" number="56"/>
						<line hits="1" number="57"/>
						<line hits="1" number="58"/>
						<line hits="1" number="59"/>
						<line hits="1" number="60"/>
						<line hits="1" number="61"/>
						<line hits="1" number="63"/>
						<line hits="1" number="64"/>
						<line hits="1" number="66"/>
						<line hits="1" number="67"/>
						<line hits="1" number="76"/>
						<line hits="1" number="77"/>
						<line hits="1" number="78"/>
						<line hits="1" number="79"/>
						<line hits="1" number="80"/>
						<line hits="1" number="81"/>
						<line hits="1" number="82"/>
						<line hits="1" number="83"/>
						<line hits="1" number="84"/>
						<line hits="1" number="86"/>
						<line hits="1" number="87"/>
						<line hits="1" number="91"/>
						<line hits="1" number="92"/>
						<line hits="1" number="95"/>
						<line hits="1" number="96"/>
						<line hits="1" number="99"/>
						<line hits="1" number="100"/>
						<line hits="1" number="103"/>
						<line hits="1" number="104"/>
						<line hits="1" number="105"/>
						<line hits="1" number="106"/>
						<line hits="1" number="107"/>
						<line hits="1" number="108"/>
						<line hits="1" number="109"/>
						<line hits="1" number="111"/>
						<line hits="1" number="112"/>
						<line hits="1" number="116"/>
						<line hits="1" number="117"/>
						<line hits="1" number="118"/>
						<line hits="1" number="121"/>
						<line hits="1" number="122"/>
						<line hits="1" number="124"/>
						<line hits="1" number="125"/>
						<line hits="1" number="126"/>
						<line hits="1" number="127"/>
						<line hits="1" number="128"/>
						<line hits="1" number="129"/>
						<line hits="1" number="132"/>
						<line hits="1" number="133"/>
						<line hits="1" number="134"/>
						<line hits="1" number="135"/>
						<line hits="1" number="136"/>
						<line hits="1" number="138"/>
						<line hits="1" number="139"/>
						<line hits="1" number="143"/>
						<line hits="1" number="144"/>
						<line hits="1" number="147"/>
						<line hits="1" number="148"/>
						<line hits="1" number="149"/>
						<line hits="1" number="150"/>
						<line hits="1" number="152"/>
						<line hits="1" number="153"/>
						<line hits="1" number="157"/>
						<line hits="1" number="158"/>
						<line hits="1" number="161"/>
						<line hits="1" number="162"/>
						<line hits="1" number="163"/>
						<line hits="1" number="164"/>
						<line hits="1" number="166"/>
						<line hits="1" number="167"/>
						<line hits="1" number="171"/>
						<line hits="1" number="172"/>
						<line hits="1" number="173"/>
						<line hits="1" number="174"/>
						<line hits="1" number="175"/>
						<line hits="1" number="176"/>
						<line hits="1" number="179"/>
						<line hits="1" number="180"/>
						<line hits="1" number="181"/>
						<line hits="1" number="182"/>
						<line hits="1" number="184"/>
						<line hits="1" number="185"/>
						<line hits="1" number="189"/>
						<line hits="1" number="190"/>
						<line hits="1" number="193"/>
						<line hits="1" number="194"/>
						<line hits="1" number="195"/>
						<line hits="1" number="196"/>
						<line hits="1" number="198"/>
						<line hits="1" number="199"/>
						<line hits="1" number="203"/>
						<line hits="1" number="204"/>
						<line hits="1" number="205"/>
						<line hits="1" number="206"/>
						<line hits="1" number="207"/>
						<line hits="1" number="208"/>
						<line hits="1" number="211"/>
						<line hits="1" number="212"/>
						<line hits="1" number="213"/>
						<line hits="1" number="214"/>
						<line hits="1" number="216"/>
						<line hits="1" number="217"/>
						<line hits="1" number="218"/>
						<line hits="1" number="222"/>
						<line hits="1" number="223"/>
						<line hits="1" number="224"/>
						<line hits="1" number="228"/>
						<line hits="1" number="229"/>
						<line hits="1" number="237"/>
						<line hits="1" number="238"/>
						<line hits="1" number="239"/>
						<line hits="1" number="240"/>
						<line hits="1" number="241"/>
						<line hits="1" number="244"/>
						<line hits="1" number="245"/>
						<line hits="1" number="246"/>
						<line hits="1" number="247"/>
						<line hits="1" number="248"/>
						<line hits="1" number="249"/>
						<line hits="1" number="250"/>
						<line hits="1" number="252"/>
						<line hits="1" number="253"/>
						<line hits="1" number="254"/>
						<line hits="1" number="258"/>
						<line hits="1" number="259"/>
						<line hits="1" number="260"/>
						<line hits="1" number="264"/>
						<line hits="1" number="265"/>
						<line hits="1" number="271"/>
						<line hits="1" number="272"/>
						<line hits="1" number="273"/>
						<line hits="1" number="274"/>
						<line hits="1" number="275"/>
						<line hits="1" number="276"/>
						<line hits="1" number="279"/>
						<line hits="1" number="280"/>
						<line hits="1" number="281"/>
						<line hits="1" number="282"/>
						<line hits="1" number="284"/>
						<line hits="1" number="285"/>
						<line hits="1" number="286"/>
						<line hits="1" number="290"/>
						<line hits="1" number="291"/>
						<line hits="1" number="292"/>
						<line hits="1" number="296"/>
						<line hits="1" number="297"/>
						<line hits="1" number="303"/>
						<line hits="1" number="304"/>
						<line hits="1" number="305"/>
						<line hits="1" number="306"/>
						<line hits="1" number="307"/>
						<line hits="1" number="308"/>
						<line hits="1" number="311"/>
						<line hits="1" number="312"/>
						<line hits="1" number="313"/>
						<line hits="1" number="314"/>
						<line hits="1" number="316"/>
						<line hits="1" number="317"/>
						<line hits="1" number="325"/>
						<line hits="1" number="326"/>
						<line hits="1" number="327"/>
						<line hits="1" number="330"/>
						<line hits="1" number="331"/>
						<line hits="1" number="332"/>
						<line hits="1" number="333"/>
						<line hits="1" number="334"/>
						<line hits="1" number="335"/>
						<line hits="1" number="336"/>
						<line hits="1" number="337"/>
						<line hits="1" number="338"/>
						<line hits="1" number="340"/>
						<line hits="1" number="348"/>
					</lines>
				</class>
			</classes>
		</package>
	</packages>
</coverage>
